24-Apr-2017 23:00:36.008 SEVERE [main] org.apache.catalina.startup.Catalina.stopServer Could not contact localhost:8005. Tomcat may not be running.
24-Apr-2017 23:01:16.089 INFO [main] org.apache.catalina.startup.VersionLoggerListener.log Server version:        Apache Tomcat/8.5.14
24-Apr-2017 23:01:16.092 INFO [main] org.apache.catalina.startup.VersionLoggerListener.log Server built:          Apr 13 2017 12:55:45 UTC
24-Apr-2017 23:01:16.092 INFO [main] org.apache.catalina.startup.VersionLoggerListener.log Server number:         8.5.14.0
24-Apr-2017 23:01:16.092 INFO [main] org.apache.catalina.startup.VersionLoggerListener.log OS Name:               Windows 10
24-Apr-2017 23:01:16.092 INFO [main] org.apache.catalina.startup.VersionLoggerListener.log OS Version:            10.0
24-Apr-2017 23:01:16.092 INFO [main] org.apache.catalina.startup.VersionLoggerListener.log Architecture:          amd64
24-Apr-2017 23:01:16.092 INFO [main] org.apache.catalina.startup.VersionLoggerListener.log Java Home:             C:\Program Files\Java\jre1.8.0_111
24-Apr-2017 23:01:16.093 INFO [main] org.apache.catalina.startup.VersionLoggerListener.log JVM Version:           1.8.0_111-b14
24-Apr-2017 23:01:16.093 INFO [main] org.apache.catalina.startup.VersionLoggerListener.log JVM Vendor:            Oracle Corporation
24-Apr-2017 23:01:16.093 INFO [main] org.apache.catalina.startup.VersionLoggerListener.log CATALINA_BASE:         C:\tomcat8
24-Apr-2017 23:01:16.093 INFO [main] org.apache.catalina.startup.VersionLoggerListener.log CATALINA_HOME:         C:\tomcat8
24-Apr-2017 23:01:16.093 INFO [main] org.apache.catalina.startup.VersionLoggerListener.log Command line argument: -Djava.util.logging.config.file=C:\tomcat8\conf\logging.properties
24-Apr-2017 23:01:16.093 INFO [main] org.apache.catalina.startup.VersionLoggerListener.log Command line argument: -Djava.util.logging.manager=org.apache.juli.ClassLoaderLogManager
24-Apr-2017 23:01:16.093 INFO [main] org.apache.catalina.startup.VersionLoggerListener.log Command line argument: -Djdk.tls.ephemeralDHKeySize=2048
24-Apr-2017 23:01:16.093 INFO [main] org.apache.catalina.startup.VersionLoggerListener.log Command line argument: -Djava.protocol.handler.pkgs=org.apache.catalina.webresources
24-Apr-2017 23:01:16.093 INFO [main] org.apache.catalina.startup.VersionLoggerListener.log Command line argument: -Dcatalina.base=C:\tomcat8
24-Apr-2017 23:01:16.094 INFO [main] org.apache.catalina.startup.VersionLoggerListener.log Command line argument: -Dcatalina.home=C:\tomcat8
24-Apr-2017 23:01:16.094 INFO [main] org.apache.catalina.startup.VersionLoggerListener.log Command line argument: -Djava.io.tmpdir=C:\tomcat8\temp
24-Apr-2017 23:01:16.095 INFO [main] org.apache.catalina.core.AprLifecycleListener.lifecycleEvent Loaded APR based Apache Tomcat Native library 1.2.12 using APR version 1.5.2.
24-Apr-2017 23:01:16.095 INFO [main] org.apache.catalina.core.AprLifecycleListener.lifecycleEvent APR capabilities: IPv6 [true], sendfile [true], accept filters [false], random [true].
24-Apr-2017 23:01:16.096 INFO [main] org.apache.catalina.core.AprLifecycleListener.lifecycleEvent APR/OpenSSL configuration: useAprConnector [false], useOpenSSL [true]
24-Apr-2017 23:01:16.644 INFO [main] org.apache.catalina.core.AprLifecycleListener.initializeSSL OpenSSL successfully initialized (OpenSSL 1.0.2k  26 Jan 2017)
24-Apr-2017 23:01:16.769 INFO [main] org.apache.coyote.AbstractProtocol.init Initializing ProtocolHandler ["http-nio-8080"]
24-Apr-2017 23:01:16.875 INFO [main] org.apache.tomcat.util.net.NioSelectorPool.getSharedSelector Using a shared selector for servlet write/read
24-Apr-2017 23:01:16.878 INFO [main] org.apache.coyote.AbstractProtocol.init Initializing ProtocolHandler ["ajp-nio-8009"]
24-Apr-2017 23:01:16.881 INFO [main] org.apache.tomcat.util.net.NioSelectorPool.getSharedSelector Using a shared selector for servlet write/read
24-Apr-2017 23:01:16.881 INFO [main] org.apache.catalina.startup.Catalina.load Initialization processed in 1140 ms
24-Apr-2017 23:01:16.908 INFO [main] org.apache.catalina.core.StandardService.startInternal Starting service Catalina
24-Apr-2017 23:01:16.908 INFO [main] org.apache.catalina.core.StandardEngine.startInternal Starting Servlet Engine: Apache Tomcat/8.5.14
24-Apr-2017 23:01:16.918 INFO [localhost-startStop-1] org.apache.catalina.startup.HostConfig.deployDirectory Deploying web application directory C:\tomcat8\webapps\docs
24-Apr-2017 23:01:17.236 INFO [localhost-startStop-1] org.apache.catalina.startup.HostConfig.deployDirectory Deployment of web application directory C:\tomcat8\webapps\docs has finished in 317 ms
24-Apr-2017 23:01:17.237 INFO [localhost-startStop-1] org.apache.catalina.startup.HostConfig.deployDirectory Deploying web application directory C:\tomcat8\webapps\examples
24-Apr-2017 23:01:17.905 INFO [localhost-startStop-1] org.apache.catalina.startup.HostConfig.deployDirectory Deployment of web application directory C:\tomcat8\webapps\examples has finished in 668 ms
24-Apr-2017 23:01:17.905 INFO [localhost-startStop-1] org.apache.catalina.startup.HostConfig.deployDirectory Deploying web application directory C:\tomcat8\webapps\host-manager
24-Apr-2017 23:01:17.959 INFO [localhost-startStop-1] org.apache.catalina.startup.HostConfig.deployDirectory Deployment of web application directory C:\tomcat8\webapps\host-manager has finished in 54 ms
24-Apr-2017 23:01:17.961 INFO [localhost-startStop-1] org.apache.catalina.startup.HostConfig.deployDirectory Deploying web application directory C:\tomcat8\webapps\manager
24-Apr-2017 23:01:18.003 INFO [localhost-startStop-1] org.apache.catalina.startup.HostConfig.deployDirectory Deployment of web application directory C:\tomcat8\webapps\manager has finished in 42 ms
24-Apr-2017 23:01:18.004 INFO [localhost-startStop-1] org.apache.catalina.startup.HostConfig.deployDirectory Deploying web application directory C:\tomcat8\webapps\ROOT
24-Apr-2017 23:01:18.032 INFO [localhost-startStop-1] org.apache.catalina.startup.HostConfig.deployDirectory Deployment of web application directory C:\tomcat8\webapps\ROOT has finished in 27 ms
24-Apr-2017 23:01:18.036 INFO [main] org.apache.coyote.AbstractProtocol.start Starting ProtocolHandler ["http-nio-8080"]
24-Apr-2017 23:01:18.044 INFO [main] org.apache.coyote.AbstractProtocol.start Starting ProtocolHandler ["ajp-nio-8009"]
24-Apr-2017 23:01:18.047 INFO [main] org.apache.catalina.startup.Catalina.start Server startup in 1164 ms
